<?xml version="1.0" encoding="UTF-8"?>
<!-- Generated by org.testng.reporters.JUnitXMLReporter -->
<testsuite hostname="Alexanders-MacBook-Pro.local" name="Default test" tests="4" failures="0" timestamp="12 Nov 2017 13:36:39 GMT" time="0.031" errors="0">
  <testcase name="testDistanceParsingStrins" time="0.012" classname="pacecalc.ParserTest"/>
  <testcase name="testPaceParsingStrins" time="0.001" classname="pacecalc.ParserTest"/>
  <testcase name="testParseFunctions" time="0.002" classname="pacecalc.ParserTest"/>
  <testcase name="testTimeParsingStrins" time="0.001" classname="pacecalc.ParserTest"/>
</testsuite> <!-- Default test -->
