<?xml version="1.0" encoding="UTF-8"?>
<!-- Generated by org.testng.reporters.JUnitXMLReporter -->
<testsuite hostname="Alexanders-MacBook-Pro.local" name="Default test" tests="4" failures="0" timestamp="5 Nov 2017 08:02:32 GMT" time="0.027" errors="0">
  <testcase name="testDistanceParsingStrins" time="0.01" classname="pacecalc.pacecalc.ParserTest"/>
  <testcase name="testPaceParsingStrins" time="0.001" classname="pacecalc.pacecalc.ParserTest"/>
  <testcase name="testParseFunctions" time="0.001" classname="pacecalc.pacecalc.ParserTest"/>
  <testcase name="testTimeParsingStrins" time="0.001" classname="pacecalc.pacecalc.ParserTest"/>
</testsuite> <!-- Default test -->
