<?xml version="1.0" encoding="UTF-8"?>
<!-- Generated by org.testng.reporters.JUnitXMLReporter -->
<testsuite hostname="Alexanders-MacBook-Pro.local" name="Test" tests="10" failures="0" timestamp="4 Nov 2017 15:43:43 GMT" time="0.044" errors="0">
  <testcase name="testCalcDistance" time="0.01" classname="pacecalc.pacecalc.PaceCalcTest"/>
  <testcase name="testCalcPace" time="0.001" classname="pacecalc.pacecalc.PaceCalcTest"/>
  <testcase name="testCalcSpeed" time="0.001" classname="pacecalc.pacecalc.PaceCalcTest"/>
  <testcase name="testCalcTime" time="0.002" classname="pacecalc.pacecalc.PaceCalcTest"/>
  <testcase name="testSetGet" time="0.002" classname="pacecalc.pacecalc.PaceCalcTest"/>
  <testcase name="testParseFunctions" time="0.002" classname="pacecalc.pacecalc.ParserTest"/>
  <testcase name="convertKMtoMileTest" time="0.002" classname="pacecalc.pacecalc.KmToMileConvertorTest"/>
  <testcase name="convertMileToKmTest" time="0.001" classname="pacecalc.pacecalc.KmToMileConvertorTest"/>
  <testcase name="convertSpeedKmToMileTest" time="0.001" classname="pacecalc.pacecalc.KmToMileConvertorTest"/>
  <testcase name="convertSpeedMphToKmH" time="0.001" classname="pacecalc.pacecalc.KmToMileConvertorTest"/>
</testsuite> <!-- Test -->
