<?xml version="1.0" encoding="UTF-8"?>
<!-- Generated by org.testng.reporters.JUnitXMLReporter -->
<testsuite hostname="Alexanders-MacBook-Pro.local" name="Test" tests="14" failures="1" timestamp="8 Nov 2017 21:36:47 GMT" time="0.049" errors="0">
  <testcase name="testCalcDistance" time="0.011" classname="pacecalc.pacecalc.PaceCalcTest"/>
  <testcase name="testCalcPace" time="0.001" classname="pacecalc.pacecalc.PaceCalcTest"/>
  <testcase name="testCalcSpeed" time="0.001" classname="pacecalc.pacecalc.PaceCalcTest"/>
  <testcase name="testCalcTime" time="0.001" classname="pacecalc.pacecalc.PaceCalcTest">
    <failure type="junit.framework.AssertionFailedError" message="Test simple usual distance and time Wrong time!  expected:&amp;lt;3600&amp;gt; but was:&amp;lt;0&amp;gt;">
      <![CDATA[junit.framework.AssertionFailedError: Test simple usual distance and time Wrong time!  expected:<3600> but was:<0>
	at junit.framework.Assert.fail(Assert.java:50)
	at junit.framework.Assert.failNotEquals(Assert.java:287)
	at junit.framework.Assert.assertEquals(Assert.java:67)
	at junit.framework.Assert.assertEquals(Assert.java:199)
	at pacecalc.pacecalc.PaceCalcTest.testCalcTime(PaceCalcTest.java:137)
... Removed 24 stack frames]]>
    </failure>
  </testcase> <!-- testCalcTime -->
  <testcase name="testSetGet" time="0.001" classname="pacecalc.pacecalc.PaceCalcTest"/>
  <testcase name="testDistanceParsingStrins" time="0.001" classname="pacecalc.pacecalc.ParserTest"/>
  <testcase name="testPaceParsingStrins" time="0.001" classname="pacecalc.pacecalc.ParserTest"/>
  <testcase name="testParseFunctions" time="0.0" classname="pacecalc.pacecalc.ParserTest"/>
  <testcase name="testTimeParsingStrins" time="0.001" classname="pacecalc.pacecalc.ParserTest"/>
  <testcase name="convertKMtoMileTest" time="0.001" classname="pacecalc.pacecalc.KmToMileConvertorTest"/>
  <testcase name="convertMileToKmTest" time="0.001" classname="pacecalc.pacecalc.KmToMileConvertorTest"/>
  <testcase name="convertSpeedKmToMileTest" time="0.001" classname="pacecalc.pacecalc.KmToMileConvertorTest"/>
  <testcase name="convertSpeedMphToKmH" time="0.001" classname="pacecalc.pacecalc.KmToMileConvertorTest"/>
  <testcase name="returnDistanceTest" time="0.001" classname="pacecalc.pacecalc.EventsTest"/>
</testsuite> <!-- Test -->
